                              1 ;--------------------------------------------------------
                              2 ; File Created by SDCC : free open source ANSI-C Compiler
                              3 ; Version 2.9.0 #5416 (Apr  7 2010) (MINGW32)
                              4 ; This file was generated Tue Dec 19 16:52:05 2017
                              5 ;--------------------------------------------------------
                              6 	.module gprint
                              7 	.optsdcc -mgbz80
                              8 	
                              9 ;--------------------------------------------------------
                             10 ; Public variables in this module
                             11 ;--------------------------------------------------------
                             12 	.globl _gprint
                             13 ;--------------------------------------------------------
                             14 ;  ram data
                             15 ;--------------------------------------------------------
                             16 	.area _DATA
                             17 ;--------------------------------------------------------
                             18 ; overlayable items in  ram 
                             19 ;--------------------------------------------------------
                             20 	.area _OVERLAY
                             21 ;--------------------------------------------------------
                             22 ; external initialized ram data
                             23 ;--------------------------------------------------------
                             24 ;--------------------------------------------------------
                             25 ; global & static initialisations
                             26 ;--------------------------------------------------------
                             27 	.area _HOME
                             28 	.area _GSINIT
                             29 	.area _GSFINAL
                             30 	.area _GSINIT
                             31 ;--------------------------------------------------------
                             32 ; Home
                             33 ;--------------------------------------------------------
                             34 	.area _HOME
                             35 	.area _HOME
                             36 ;--------------------------------------------------------
                             37 ; code
                             38 ;--------------------------------------------------------
                             39 	.area _CODE
                             40 ;gprint.c:3: void gprint(char *str) // NONBANKED
                             41 ;	---------------------------------
                             42 ; Function gprint
                             43 ; ---------------------------------
   0000                      44 _gprint:
                             45 	
   0000 F5                   46 	push	af
                             47 ;gprint.c:5: while(*str)
   0001 F8 04                48 	lda	hl,4(sp)
   0003 2A                   49 	ld	a,(hl+)
   0004 5E                   50 	ld	e,(hl)
   0005 F8 00                51 	lda	hl,0(sp)
   0007 22                   52 	ld	(hl+),a
   0008 73                   53 	ld	(hl),e
   0009                      54 00101$:
   0009 F8 00                55 	lda	hl,0(sp)
   000B 5E                   56 	ld	e,(hl)
   000C 23                   57 	inc	hl
   000D 56                   58 	ld	d,(hl)
   000E 1A                   59 	ld	a,(de)
   000F 4F                   60 	ld	c,a
   0010 B7                   61 	or	a,a
   0011 CAr25s00             62 	jp	Z,00104$
                             63 ;gprint.c:6: wrtchr(*str++);
   0014 2B                   64 	dec	hl
   0015 34                   65 	inc	(hl)
   0016 20 02                66 	jr	NZ,00109$
   0018 23                   67 	inc	hl
   0019 34                   68 	inc	(hl)
   001A                      69 00109$:
   001A 79                   70 	ld	a,c
   001B F5                   71 	push	af
   001C 33                   72 	inc	sp
   001D CDr00s00             73 	call	_wrtchr
   0020 E8 01                74 	lda	sp,1(sp)
   0022 C3r09s00             75 	jp	00101$
   0025                      76 00104$:
   0025 E8 02                77 	lda	sp,2(sp)
   0027 C9                   78 ret
                             79 	.area _CODE
                             80 	.area _CABS
